<?xml version="1.0" encoding="UTF-8"?>
<!-- Generated by org.testng.reporters.JUnitXMLReporter -->
<testsuite ignored="0" hostname="LAPTOP-57BF69PR" failures="0" tests="4" name="Test" time="41.244" errors="0" timestamp="2024-08-21T08:53:12 IST">
  <testcase classname="testLayer.LoginTest" name="title" time="0.108"/>
  <testcase classname="testLayer.LoginTest" name="login" time="0.609"/>
  <testcase classname="testLayer.LoginTest" name="login" time="0.626"/>
  <testcase classname="testLayer.LoginTest" name="login" time="0.5"/>
</testsuite> <!-- Test -->
