<?xml version="1.0" encoding="UTF-8"?>
<testng-results ignored="2" total="3" passed="1" failed="0" skipped="0">
  <reporter-output>
  </reporter-output>
  <suite started-at="2023-06-12T19:32:53 IST" name="Default suite" finished-at="2023-06-12T19:33:15 IST" duration-ms="21271">
    <groups>
    </groups>
    <test started-at="2023-06-12T19:32:53 IST" name="Default test" finished-at="2023-06-12T19:33:15 IST" duration-ms="21271">
      <class name="com.amazone.login.Amzone_login_Test">
        <test-method is-config="true" signature="launchbrowser(java.lang.String)[pri:0, instance:com.amazone.login.Amzone_login_Test@5149d738]" started-at="2023-06-12T19:32:53 IST" name="launchbrowser" finished-at="2023-06-12T19:33:00 IST" duration-ms="6795" status="PASS">
          <params>
            <param index="0">
              <value>
                <![CDATA[chrome]]>
              </value>
            </param>
          </params>
          <reporter-output>
          </reporter-output>
        </test-method> <!-- launchbrowser -->
        <test-method signature="search()[pri:3, instance:com.amazone.login.Amzone_login_Test@5149d738]" started-at="2023-06-12T19:33:00 IST" name="search" description=" search functionality " finished-at="2023-06-12T19:33:14 IST" duration-ms="14287" status="PASS">
          <reporter-output>
          </reporter-output>
        </test-method> <!-- search -->
        <test-method is-config="true" signature="closebrowser()[pri:0, instance:com.amazone.login.Amzone_login_Test@5149d738]" started-at="2023-06-12T19:33:15 IST" name="closebrowser" finished-at="2023-06-12T19:33:15 IST" duration-ms="116" status="PASS">
          <reporter-output>
          </reporter-output>
        </test-method> <!-- closebrowser -->
      </class> <!-- com.amazone.login.Amzone_login_Test -->
    </test> <!-- Default test -->
  </suite> <!-- Default suite -->
</testng-results>
