<?xml version="1.0" encoding="UTF-8"?>
<testng-results ignored="0" total="4" passed="4" failed="0" skipped="0">
  <reporter-output>
  </reporter-output>
  <suite started-at="2024-08-21T08:52:31 IST" name="hrmanagment" finished-at="2024-08-21T08:53:12 IST" duration-ms="41244">
    <groups>
    </groups>
    <test started-at="2024-08-21T08:52:31 IST" name="Test" finished-at="2024-08-21T08:53:12 IST" duration-ms="41244">
      <class name="testLayer.LoginTest">
        <test-method is-config="true" signature="initialSetup()[pri:0, instance:testLayer.LoginTest@c730b35]" started-at="2024-08-21T08:52:31 IST" name="initialSetup" finished-at="2024-08-21T08:52:36 IST" duration-ms="5625" status="PASS">
          <reporter-output>
          </reporter-output>
        </test-method> <!-- initialSetup -->
        <test-method signature="title()[pri:1, instance:testLayer.LoginTest@c730b35]" started-at="2024-08-21T08:52:36 IST" name="title" finished-at="2024-08-21T08:52:36 IST" duration-ms="108" status="PASS">
          <reporter-output>
          </reporter-output>
        </test-method> <!-- title -->
        <test-method is-config="true" signature="close()[pri:0, instance:testLayer.LoginTest@c730b35]" started-at="2024-08-21T08:52:36 IST" name="close" finished-at="2024-08-21T08:52:37 IST" duration-ms="380" status="PASS">
          <reporter-output>
          </reporter-output>
        </test-method> <!-- close -->
        <test-method is-config="true" signature="initialSetup()[pri:0, instance:testLayer.LoginTest@c730b35]" started-at="2024-08-21T08:52:37 IST" name="initialSetup" finished-at="2024-08-21T08:52:55 IST" duration-ms="17323" status="PASS">
          <reporter-output>
          </reporter-output>
        </test-method> <!-- initialSetup -->
        <test-method signature="login(java.lang.String,java.lang.String)[pri:2, instance:testLayer.LoginTest@c730b35]" started-at="2024-08-21T08:52:55 IST" name="login" data-provider="Details" finished-at="2024-08-21T08:52:55 IST" duration-ms="609" status="PASS">
          <params>
            <param index="0">
              <value>
                <![CDATA[admin]]>
              </value>
            </param>
            <param index="1">
              <value>
                <![CDATA[admin123]]>
              </value>
            </param>
          </params>
          <reporter-output>
          </reporter-output>
        </test-method> <!-- login -->
        <test-method is-config="true" signature="close()[pri:0, instance:testLayer.LoginTest@c730b35]" started-at="2024-08-21T08:52:55 IST" name="close" finished-at="2024-08-21T08:52:56 IST" duration-ms="494" status="PASS">
          <reporter-output>
          </reporter-output>
        </test-method> <!-- close -->
        <test-method is-config="true" signature="initialSetup()[pri:0, instance:testLayer.LoginTest@c730b35]" started-at="2024-08-21T08:52:56 IST" name="initialSetup" finished-at="2024-08-21T08:53:02 IST" duration-ms="6403" status="PASS">
          <reporter-output>
          </reporter-output>
        </test-method> <!-- initialSetup -->
        <test-method signature="login(java.lang.String,java.lang.String)[pri:2, instance:testLayer.LoginTest@c730b35]" started-at="2024-08-21T08:53:02 IST" name="login" data-provider="Details" finished-at="2024-08-21T08:53:03 IST" duration-ms="626" status="PASS">
          <params>
            <param index="0">
              <value>
                <![CDATA[admin123]]>
              </value>
            </param>
            <param index="1">
              <value>
                <![CDATA[admin]]>
              </value>
            </param>
          </params>
          <reporter-output>
          </reporter-output>
        </test-method> <!-- login -->
        <test-method is-config="true" signature="close()[pri:0, instance:testLayer.LoginTest@c730b35]" started-at="2024-08-21T08:53:03 IST" name="close" finished-at="2024-08-21T08:53:03 IST" duration-ms="510" status="PASS">
          <reporter-output>
          </reporter-output>
        </test-method> <!-- close -->
        <test-method is-config="true" signature="initialSetup()[pri:0, instance:testLayer.LoginTest@c730b35]" started-at="2024-08-21T08:53:03 IST" name="initialSetup" finished-at="2024-08-21T08:53:11 IST" duration-ms="7419" status="PASS">
          <reporter-output>
          </reporter-output>
        </test-method> <!-- initialSetup -->
        <test-method signature="login(java.lang.String,java.lang.String)[pri:2, instance:testLayer.LoginTest@c730b35]" started-at="2024-08-21T08:53:11 IST" name="login" data-provider="Details" finished-at="2024-08-21T08:53:11 IST" duration-ms="500" status="PASS">
          <params>
            <param index="0">
              <value>
                <![CDATA[adm]]>
              </value>
            </param>
            <param index="1">
              <value>
                <![CDATA[pass ]]>
              </value>
            </param>
          </params>
          <reporter-output>
          </reporter-output>
        </test-method> <!-- login -->
        <test-method is-config="true" signature="close()[pri:0, instance:testLayer.LoginTest@c730b35]" started-at="2024-08-21T08:53:11 IST" name="close" finished-at="2024-08-21T08:53:12 IST" duration-ms="545" status="PASS">
          <reporter-output>
          </reporter-output>
        </test-method> <!-- close -->
      </class> <!-- testLayer.LoginTest -->
    </test> <!-- Test -->
  </suite> <!-- hrmanagment -->
</testng-results>
