<?xml version="1.0" encoding="UTF-8"?>
<!-- Generated by org.testng.reporters.JUnitXMLReporter -->
<testsuite ignored="2" hostname="akash-HP-Laptop-15s-du3xxx" failures="0" tests="1" name="Default test" time="21.271" errors="0" timestamp="2023-06-12T19:33:15 IST">
  <testcase classname="com.amazone.login.Amzone_login_Test" name="search" time="14.287"/>
  <testcase classname="com.amazone.login.Amzone_login_Test" name="searchproduct" time="0.0">
    <ignored/>
  </testcase> <!-- searchproduct -->
  <testcase classname="com.amazone.login.Amzone_login_Test" name="testlogo_icon" time="0.0">
    <ignored/>
  </testcase> <!-- testlogo_icon -->
</testsuite> <!-- Default test -->
